<?xml version="1.0" encoding="UTF-8"?>
<!-- Generated by org.testng.reporters.JUnitReportReporter -->
<testsuite hostname="DESKTOP-5QPL10C" failures="0" tests="5" name="controlButton.CheckBox" time="0.019" errors="0" timestamp="2023-12-15T14:44:45 IST" skipped="0">
  <testcase classname="controlButton.CheckBox" name="logout" time="0.002"/>
  <system-out/>
  <testcase classname="controlButton.CheckBox" name="CancelOrder" time="0.005"/>
  <system-out/>
  <testcase classname="controlButton.CheckBox" name="addItems" time="0.008"/>
  <system-out/>
  <testcase classname="controlButton.CheckBox" name="login" time="0.002"/>
  <system-out/>
  <testcase classname="controlButton.CheckBox" name="payment" time="0.002"/>
  <system-out/>
</testsuite> <!-- controlButton.CheckBox -->
