<?xml version="1.0" encoding="UTF-8"?>
<!-- Generated by org.testng.reporters.JUnitReportReporter -->
<testsuite hostname="DESKTOP-5QPL10C" failures="0" tests="1" name="irctc.Handling" time="5.540" errors="0" timestamp="2023-12-19T14:30:21 IST" skipped="0">
  <testcase classname="irctc.Handling" name="loginFeature" time="5.540"/>
  <system-out/>
</testsuite> <!-- irctc.Handling -->
