<?xml version="1.0" encoding="UTF-8"?>
<!-- Generated by org.testng.reporters.JUnitReportReporter -->
<testsuite hostname="DESKTOP-5QPL10C" failures="0" tests="1" name="irctc.Irctccc" time="13.772" errors="0" timestamp="2023-12-19T10:46:57 IST" skipped="0">
  <testcase classname="irctc.Irctccc" name="handleWindowExample" time="13.772"/>
  <system-out/>
</testsuite> <!-- irctc.Irctccc -->
