<?xml version="1.0" encoding="UTF-8"?>
<!-- Generated by org.testng.reporters.JUnitReportReporter -->
<testsuite hostname="DESKTOP-5QPL10C" failures="0" tests="1" name="controlButton.InputControl" time="0.125" errors="0" timestamp="2023-12-15T13:18:01 IST" skipped="0">
  <testcase classname="controlButton.InputControl" name="verifyInputbox" time="0.125"/>
  <system-out/>
</testsuite> <!-- controlButton.InputControl -->
