<?xml version="1.0" encoding="UTF-8"?>
<!-- Generated by org.testng.reporters.JUnitReportReporter -->
<testsuite hostname="DESKTOP-5QPL10C" failures="0" tests="1" name="pageObjectModel.VerifyLOgins" time="4.538" errors="0" timestamp="2023-12-20T12:24:20 IST" skipped="0">
  <testcase classname="pageObjectModel.VerifyLOgins" name="verifyLogin" time="4.538"/>
  <system-out/>
</testsuite> <!-- pageObjectModel.VerifyLOgins -->
