<?xml version="1.0" encoding="UTF-8"?>
<!-- Generated by org.testng.reporters.JUnitReportReporter -->
<testsuite hostname="DESKTOP-5QPL10C" failures="0" tests="1" name="ometest.Sometest1" time="20.227" errors="0" timestamp="2023-12-18T11:27:45 IST" skipped="0">
  <testcase classname="ometest.Sometest1" name="handleFrame" time="20.227"/>
  <system-out/>
</testsuite> <!-- ometest.Sometest1 -->
