<?xml version="1.0" encoding="UTF-8"?>
<!-- Generated by org.testng.reporters.JUnitReportReporter -->
<testsuite hostname="DESKTOP-5QPL10C" failures="0" tests="1" name="irctc.HandleChrome" time="7.900" errors="0" timestamp="2023-12-19T14:41:01 IST" skipped="0">
  <testcase classname="irctc.HandleChrome" name="loginFeature" time="7.900"/>
  <system-out/>
</testsuite> <!-- irctc.HandleChrome -->
