<?xml version="1.0" encoding="UTF-8"?>
<!-- Generated by org.testng.reporters.JUnitReportReporter -->
<testsuite hostname="DESKTOP-5QPL10C" failures="0" tests="1" name="seleniumExe.Exe1_2" time="7.461" errors="0" timestamp="2023-12-14T14:25:24 IST" skipped="0">
  <testcase classname="seleniumExe.Exe1_2" name="nopTestt" time="7.461"/>
  <system-out/>
</testsuite> <!-- seleniumExe.Exe1_2 -->
