<?xml version="1.0" encoding="UTF-8"?>
<!-- Generated by org.testng.reporters.JUnitReportReporter -->
<testsuite hostname="DESKTOP-5QPL10C" failures="0" tests="5" name="controlButton.Alfa" time="0.014" errors="0" timestamp="2023-12-15T14:48:50 IST" skipped="0">
  <testcase classname="controlButton.Alfa" name="login" time="0.006"/>
  <system-out/>
  <testcase classname="controlButton.Alfa" name="addItems" time="0.004"/>
  <system-out/>
  <testcase classname="controlButton.Alfa" name="cancelOrder" time="0.001"/>
  <system-out/>
  <testcase classname="controlButton.Alfa" name="payment" time="0.001"/>
  <system-out/>
  <testcase classname="controlButton.Alfa" name="logout" time="0.002"/>
  <system-out/>
</testsuite> <!-- controlButton.Alfa -->
