<?xml version="1.0" encoding="UTF-8"?>
<!-- Generated by org.testng.reporters.JUnitReportReporter -->
<testsuite hostname="DESKTOP-5QPL10C" failures="0" tests="1" name="pageObjectModel.Verify" time="4.706" errors="0" timestamp="2023-12-20T12:42:49 IST" skipped="0">
  <testcase classname="pageObjectModel.Verify" name="verifyLogin" time="4.706"/>
  <system-out/>
</testsuite> <!-- pageObjectModel.Verify -->
