<?xml version="1.0" encoding="UTF-8"?>
<!-- Generated by org.testng.reporters.JUnitReportReporter -->
<testsuite hostname="DESKTOP-5QPL10C" failures="0" tests="1" name="NopApplication.NopComTest" time="0.008" errors="0" timestamp="2023-12-14T12:56:34 IST" skipped="0">
  <testcase classname="NopApplication.NopComTest" name="verifyLoginFeature" time="0.008"/>
  <system-out/>
</testsuite> <!-- NopApplication.NopComTest -->
