<?xml version="1.0" encoding="UTF-8"?>
<!-- Generated by org.testng.reporters.JUnitReportReporter -->
<testsuite hostname="DESKTOP-5QPL10C" failures="0" tests="1" name="handle.Handling" time="15.782" errors="0" timestamp="2023-12-18T12:34:32 IST" skipped="0">
  <testcase classname="handle.Handling" name="handleFrame" time="15.782"/>
  <system-out/>
</testsuite> <!-- handle.Handling -->
