<?xml version="1.0" encoding="UTF-8"?>
<!-- Generated by org.testng.reporters.JUnitReportReporter -->
<testsuite hostname="DESKTOP-5QPL10C" failures="0" tests="1" name="seleniumExe.Exe1_2edge" time="5.817" errors="0" timestamp="2023-12-14T14:21:11 IST" skipped="0">
  <testcase classname="seleniumExe.Exe1_2edge" name="nopTestt" time="5.817"/>
  <system-out/>
</testsuite> <!-- seleniumExe.Exe1_2edge -->
