<?xml version="1.0" encoding="UTF-8"?>
<!-- Generated by org.testng.reporters.JUnitReportReporter -->
<testsuite hostname="DESKTOP-5QPL10C" failures="0" tests="4" name="annotations.NopaPplica" time="0.069" errors="0" timestamp="2023-12-19T15:09:27 IST" skipped="0">
  <testcase classname="annotations.NopaPplica" name="verifyLoginFeature" time="0.014"/>
  <system-out/>
  <testcase classname="annotations.NopaPplica" name="verifyAppTitleFeature" time="0.006"/>
  <system-out/>
  <testcase classname="annotations.NopaPplica" name="verifyLogoutFeature" time="0.006"/>
  <system-out/>
  <testcase classname="annotations.NopaPplica" name="verifyAddCustFeature" time="0.043"/>
  <system-out/>
</testsuite> <!-- annotations.NopaPplica -->
