<?xml version="1.0" encoding="UTF-8"?>
<!-- Generated by org.testng.reporters.JUnitReportReporter -->
<testsuite hostname="DESKTOP-5QPL10C" failures="0" tests="1" name="handle.ScreenShot" time="2.107" errors="0" timestamp="2023-12-18T15:20:04 IST" skipped="0">
  <testcase classname="handle.ScreenShot" name="handleFrame" time="2.107"/>
  <system-out/>
</testsuite> <!-- handle.ScreenShot -->
