<?xml version="1.0" encoding="UTF-8"?>
<!-- Generated by org.testng.reporters.JUnitReportReporter -->
<testsuite hostname="DESKTOP-5QPL10C" failures="0" tests="1" name="irctc.DragandDrop" time="0.981" errors="0" timestamp="2023-12-19T12:41:24 IST" skipped="0">
  <testcase classname="irctc.DragandDrop" name="verifyDragDropTest" time="0.981"/>
  <system-out/>
</testsuite> <!-- irctc.DragandDrop -->
