<?xml version="1.0" encoding="UTF-8"?>
<!-- Generated by org.testng.reporters.JUnitReportReporter -->
<testsuite hostname="DESKTOP-5QPL10C" failures="0" tests="1" name="pageObjectModel_Factory.Verify" time="4.473" errors="0" timestamp="2023-12-20T12:28:22 IST" skipped="0">
  <testcase classname="pageObjectModel_Factory.Verify" name="verifyLogin" time="4.473"/>
  <system-out/>
</testsuite> <!-- pageObjectModel_Factory.Verify -->
