<?xml version="1.0" encoding="UTF-8"?>
<!-- Generated by org.testng.reporters.JUnitReportReporter -->
<testsuite hostname="DESKTOP-5QPL10C" failures="0" tests="1" name="controlButton.Order" time="15.132" errors="0" timestamp="2023-12-15T15:28:35 IST" skipped="0">
  <testcase classname="controlButton.Order" name="verifyCountryListboxTest" time="15.132"/>
  <system-out/>
</testsuite> <!-- controlButton.Order -->
