<?xml version="1.0" encoding="UTF-8"?>
<!-- Generated by org.testng.reporters.JUnitReportReporter -->
<testsuite hostname="DESKTOP-5QPL10C" failures="0" tests="1" name="NopApplication.NopComTest" time="0.000" errors="0" timestamp="2023-12-27T15:28:16 IST" skipped="1">
  <testcase classname="NopApplication.NopComTest" name="verifyLoginFeature" time="0.000">
    <skipped/>
  </testcase> <!-- verifyLoginFeature -->
  <system-out/>
</testsuite> <!-- NopApplication.NopComTest -->
